<?xml version="1.0" encoding="UTF-8"?>
<!-- Generated by org.testng.reporters.JUnitReportReporter -->
<testsuite hostname="LAPTOP-C2IN588P" failures="0" tests="2" name="testNg2.testNg4" time="20.389" errors="0" timestamp="2023-10-20T19:07:20 PDT" skipped="0">
  <testcase classname="testNg2.testNg4" name="TestCasefour" time="10.291"/>
  <testcase classname="testNg2.testNg4" name="TestCasethree" time="10.098"/>
</testsuite> <!-- testNg2.testNg4 -->
