<?xml version="1.0" encoding="UTF-8"?>
<!-- Generated by org.testng.reporters.JUnitReportReporter -->
<testsuite hostname="LAPTOP-C2IN588P" failures="0" tests="3" name="testNg2.testNg13" time="0.005" errors="0" timestamp="2023-10-22T19:24:41 PDT" skipped="0">
  <testcase classname="testNg2.testNg13" name="testCaseTwo" time="0.001"/>
  <testcase classname="testNg2.testNg13" name="testCaseThree" time="0.001"/>
  <testcase classname="testNg2.testNg13" name="testCaseOne" time="0.003"/>
</testsuite> <!-- testNg2.testNg13 -->
