<?xml version="1.0" encoding="UTF-8"?>
<!-- Generated by org.testng.reporters.JUnitReportReporter -->
<testsuite hostname="LAPTOP-C2IN588P" failures="0" tests="1" name="testNg2.testNg12" time="0.018" errors="0" timestamp="2023-10-22T19:24:41 PDT" skipped="0">
  <testcase classname="testNg2.testNg12" name="testCaseSix" time="0.018"/>
</testsuite> <!-- testNg2.testNg12 -->
