<?xml version="1.0" encoding="UTF-8"?>
<!-- Generated by org.testng.reporters.JUnitReportReporter -->
<testsuite hostname="LAPTOP-C2IN588P" failures="0" tests="4" name="testNg2.testNg9" time="29.738" errors="0" timestamp="2023-10-22T19:00:36 PDT" skipped="0">
  <testcase classname="testNg2.testNg9" name="loginTestcase" time="9.550"/>
  <testcase classname="testNg2.testNg9" name="loginTestcase" time="4.929"/>
  <testcase classname="testNg2.testNg9" name="loginTestcase" time="10.955"/>
  <testcase classname="testNg2.testNg9" name="loginTestcase" time="4.304"/>
</testsuite> <!-- testNg2.testNg9 -->
