<?xml version="1.0" encoding="UTF-8"?>
<!-- Generated by org.testng.reporters.JUnitReportReporter -->
<testsuite hostname="LAPTOP-C2IN588P" failures="0" tests="9" name="testNg2.testNg7" time="0.030" errors="0" timestamp="2023-10-20T19:29:01 PDT" skipped="0">
  <testcase classname="testNg2.testNg7" name="testNotNullCheck" time="0.000"/>
  <testcase classname="testNg2.testNg7" name="testAddition" time="0.019"/>
  <testcase classname="testNg2.testNg7" name="testSubtraction" time="0.001"/>
  <testcase classname="testNg2.testNg7" name="testDivision" time="0.002"/>
  <testcase classname="testNg2.testNg7" name="testArrayEquality" time="0.001"/>
  <testcase classname="testNg2.testNg7" name="testTrueAssertion" time="0.001"/>
  <testcase classname="testNg2.testNg7" name="testNullCheck" time="0.003"/>
  <testcase classname="testNg2.testNg7" name="testFalseAssertion" time="0.001"/>
  <testcase classname="testNg2.testNg7" name="testStringEquality" time="0.002"/>
</testsuite> <!-- testNg2.testNg7 -->
