<?xml version="1.0" encoding="UTF-8"?>
<!-- Generated by org.testng.reporters.JUnitReportReporter -->
<testsuite hostname="LAPTOP-C2IN588P" failures="0" tests="3" name="testNg2.testNg6" time="0.021" errors="0" timestamp="2023-10-20T19:18:19 PDT" skipped="0">
  <testcase classname="testNg2.testNg6" name="Banana" time="0.012"/>
  <testcase classname="testNg2.testNg6" name="Cat" time="0.001"/>
  <testcase classname="testNg2.testNg6" name="Apple" time="0.008"/>
</testsuite> <!-- testNg2.testNg6 -->
