<?xml version="1.0" encoding="UTF-8"?>
<!-- Generated by org.testng.reporters.JUnitReportReporter -->
<testsuite hostname="LAPTOP-C2IN588P" failures="0" tests="2" name="testNg2.testNg5" time="0.009" errors="0" timestamp="2023-10-20T19:14:35 PDT" skipped="0">
  <testcase classname="testNg2.testNg5" name="testCaseSeven" time="0.007"/>
  <testcase classname="testNg2.testNg5" name="testCaseSix" time="0.002"/>
</testsuite> <!-- testNg2.testNg5 -->
