<?xml version="1.0" encoding="UTF-8"?>
<!-- Generated by org.testng.reporters.JUnitReportReporter -->
<testsuite hostname="LAPTOP-C2IN588P" failures="0" tests="2" name="testNg2.testNg3" time="19.148" errors="0" timestamp="2023-10-20T19:07:20 PDT" skipped="0">
  <testcase classname="testNg2.testNg3" name="TestCaseTwo" time="7.788"/>
  <testcase classname="testNg2.testNg3" name="TestCaseOne" time="11.360"/>
</testsuite> <!-- testNg2.testNg3 -->
