<?xml version="1.0" encoding="UTF-8"?>
<!-- Generated by org.testng.reporters.JUnitReportReporter -->
<testsuite hostname="LAPTOP-C2IN588P" failures="0" tests="1" name="testNg2.testNg8" time="13.615" errors="0" timestamp="2023-10-22T18:53:48 PDT" skipped="0">
  <testcase classname="testNg2.testNg8" name="login" time="13.615"/>
</testsuite> <!-- testNg2.testNg8 -->
